<?xml version="1.0" encoding="UTF-8"?>
<!-- Generated by org.testng.reporters.JUnitReportReporter -->
<testsuite hostname="LAPTOP-EIQOHO8U" failures="0" tests="3" name="testScripts.Facebook.LoginTestScripts" time="47.109" errors="0" timestamp="2021-07-05T15:59:43 IST" skipped="0">
  <testcase classname="testScripts.Facebook.LoginTestScripts" name="validateFacebookLoginFunctionality" time="12.628"/>
  <system-out>
1. Lauched the website: https://en-gb.facebook.com/ 2. Logged in Successfully 3. Home Page is loaded  </system-out>
  <testcase classname="testScripts.Facebook.LoginTestScripts" name="validateFacebookLoginFunctionality" time="15.580"/>
  <system-out>
1. Lauched the website: https://en-gb.facebook.com/ 2. Logged in Successfully 3. Home Page is loaded  </system-out>
  <testcase classname="testScripts.Facebook.LoginTestScripts" name="validateFacebookLoginFunctionality" time="18.901"/>
  <system-out>
1. Lauched the website: https://en-gb.facebook.com/ 2. Invalid Credentials is provided 3. Successfully validated the failure error message on login failure in Facebook  </system-out>
</testsuite> <!-- testScripts.Facebook.LoginTestScripts -->
