<?xml version="1.0" encoding="UTF-8"?>
<!-- Generated by org.testng.reporters.JUnitReportReporter -->
<testsuite hostname="LAPTOP-EIQOHO8U" failures="0" tests="1" name="testScripts.Facebook.PostStatusTestScripts" time="11.867" errors="0" timestamp="2021-07-05T16:00:42 IST" skipped="0">
  <testcase classname="testScripts.Facebook.PostStatusTestScripts" name="validatePostStatusFunctionality" time="11.867"/>
  <system-out>
1. Lauched the website: https://en-gb.facebook.com/ 2. Logged in Successfully 3. Home Page is loaded 4. Posted a status successfully in Facebook  </system-out>
</testsuite> <!-- testScripts.Facebook.PostStatusTestScripts -->
